[S3] START study=all smoke=False device=cuda
  Envelope types: {'roof': 3, 'wall': 24, 'window': 12}
      data ready: 2250 rows, 249 combos, 9 scenarios
      multiseed seed 0: PI-HGAT R2=0.9738 (106s)
      multiseed seed 1: PI-HGAT R2=0.9742 (87s)
      multiseed seed 2: PI-HGAT R2=0.9693 (87s)
      multiseed seed 3: PI-HGAT R2=0.9742 (74s)
      multiseed seed 4: PI-HGAT R2=0.9716 (78s)
      multiseed seed 5: PI-HGAT R2=0.9734 (73s)
      multiseed seed 6: PI-HGAT R2=0.9567 (65s)
      multiseed seed 7: PI-HGAT R2=0.9662 (68s)
      multiseed seed 8: PI-HGAT R2=0.9663 (68s)
      multiseed seed 9: PI-HGAT R2=0.9732 (104s)
[S3] multiseed done (10 seeds x 4 models)
[S3] combosplit done: PI-HGAT R2=0.9801 on unseen combos
      LOSO fold 1_Baseline (dT=0.00): PI-HGAT MAE=4.68
      LOSO fold 2 (dT=1.88): PI-HGAT MAE=0.81
      LOSO fold 3 (dT=2.67): PI-HGAT MAE=0.80
      LOSO fold 4 (dT=2.18): PI-HGAT MAE=0.72
      LOSO fold 5 (dT=4.47): PI-HGAT MAE=2.14
      LOSO fold 6 (dT=1.27): PI-HGAT MAE=0.75
      LOSO fold 7 (dT=1.88): PI-HGAT MAE=0.70
      LOSO fold 8 (dT=1.61): PI-HGAT MAE=0.75
      LOSO fold 9 (dT=3.14): PI-HGAT MAE=0.94
[S3] loso done (9 folds x 4 models)
      learncurve n=25/scenario: PI-HGAT R2=-0.8084
      learncurve n=50/scenario: PI-HGAT R2=-0.6914
      learncurve n=100/scenario: PI-HGAT R2=0.8545
      learncurve n=150/scenario: PI-HGAT R2=0.9163
      learncurve n=200/scenario: PI-HGAT R2=0.9610
      learncurve n=249/scenario: PI-HGAT R2=0.9719
[S3] learncurve done
      ablation mono_off seed 0: R2=0.9611 viol(U/COP/dT)=0.00/0.00/0.00
      ablation mono_off seed 1: R2=0.9746 viol(U/COP/dT)=0.00/0.00/0.00
      ablation mono_off seed 2: R2=0.9668 viol(U/COP/dT)=0.00/0.05/0.00
      ablation mono_on seed 0: R2=0.9740 viol(U/COP/dT)=0.00/0.00/0.00
      ablation mono_on seed 1: R2=0.9762 viol(U/COP/dT)=0.00/0.00/0.00
      ablation mono_on seed 2: R2=0.9674 viol(U/COP/dT)=0.00/0.00/0.00
[S3] ablation done (mono on/off x 3 seeds)
[S3] STEP3 DONE
