15:49:18 [S3] START study=all smoke=False device=cuda
15:49:18       data ready: 2250 rows, 249 combos, 9 scenarios
15:52:19       multiseed seed 0: PI-HGAT R2=0.9767 (176s)
15:55:09       multiseed seed 1: PI-HGAT R2=0.9790 (165s)
15:58:12       multiseed seed 2: PI-HGAT R2=0.9708 (177s)
16:00:59       multiseed seed 3: PI-HGAT R2=0.9784 (160s)
16:03:48       multiseed seed 4: PI-HGAT R2=0.9761 (162s)
16:11:41       multiseed seed 5: PI-HGAT R2=0.9745 (357s)
16:23:17       multiseed seed 6: PI-HGAT R2=0.9711 (687s)
16:30:35       multiseed seed 7: PI-HGAT R2=0.9731 (422s)
16:34:25       multiseed seed 8: PI-HGAT R2=0.9684 (216s)
16:41:53       multiseed seed 9: PI-HGAT R2=0.9774 (430s)
16:41:53 [S3] multiseed done (10 seeds x 4 models)
16:45:31 [S3] combosplit done: PI-HGAT R2=0.9826 on unseen combos
16:55:10       LOSO fold 1_Baseline (dT=0.00): PI-HGAT MAE=3.18
17:07:29       LOSO fold 2 (dT=1.88): PI-HGAT MAE=0.70
17:19:22       LOSO fold 3 (dT=2.67): PI-HGAT MAE=0.70
17:35:25       LOSO fold 4 (dT=2.18): PI-HGAT MAE=0.71
17:40:07       LOSO fold 5 (dT=4.47): PI-HGAT MAE=1.97
17:49:19       LOSO fold 6 (dT=1.27): PI-HGAT MAE=0.65
17:57:54       LOSO fold 7 (dT=1.88): PI-HGAT MAE=0.66
18:06:14       LOSO fold 8 (dT=1.61): PI-HGAT MAE=0.65
18:15:01       LOSO fold 9 (dT=3.14): PI-HGAT MAE=0.70
18:15:01 [S3] loso done (9 folds x 4 models)
18:17:03       learncurve n=25/scenario seed 42: PI-HGAT R2=0.2356
18:19:10       learncurve n=25/scenario seed 43: PI-HGAT R2=0.3887
18:19:45       learncurve n=25/scenario seed 44: PI-HGAT R2=-0.8960
18:22:03       learncurve n=50/scenario seed 42: PI-HGAT R2=0.7351
18:24:45       learncurve n=50/scenario seed 43: PI-HGAT R2=0.7316
18:27:21       learncurve n=50/scenario seed 44: PI-HGAT R2=0.7898
18:31:02       learncurve n=100/scenario seed 42: PI-HGAT R2=0.9401
18:34:35       learncurve n=100/scenario seed 43: PI-HGAT R2=0.9317
18:38:18       learncurve n=100/scenario seed 44: PI-HGAT R2=0.9377
18:42:43       learncurve n=150/scenario seed 42: PI-HGAT R2=0.9570
18:47:37       learncurve n=150/scenario seed 43: PI-HGAT R2=0.9567
18:52:26       learncurve n=150/scenario seed 44: PI-HGAT R2=0.9692
18:58:18       learncurve n=200/scenario seed 42: PI-HGAT R2=0.9732
19:04:39       learncurve n=200/scenario seed 43: PI-HGAT R2=0.9585
19:09:14       learncurve n=200/scenario seed 44: PI-HGAT R2=0.9708
19:12:45       learncurve n=249/scenario seed 42: PI-HGAT R2=0.9589
19:20:26       learncurve n=249/scenario seed 43: PI-HGAT R2=0.9713
19:23:26       learncurve n=249/scenario seed 44: PI-HGAT R2=0.9502
19:23:26 [S3] learncurve done
19:31:44       ablation mono_off seed 0: R2=0.9766 viol(U/COP/dT)=0.00/0.00/0.00
19:38:21       ablation mono_off seed 1: R2=0.9707 viol(U/COP/dT)=0.00/0.00/0.00
19:43:45       ablation mono_off seed 2: R2=0.9553 viol(U/COP/dT)=0.00/0.00/0.00
19:51:19       ablation mono_on seed 0: R2=0.9526 viol(U/COP/dT)=0.00/0.00/0.00
19:56:59       ablation mono_on seed 1: R2=0.9739 viol(U/COP/dT)=0.00/0.00/0.00
20:04:17       ablation mono_on seed 2: R2=0.9698 viol(U/COP/dT)=0.00/0.00/0.00
20:04:17 [S3] ablation done (mono on/off x 3 seeds)
20:04:17 [S3] STEP3 DONE
01:28:11 [S3] START study=loso_ext smoke=True device=cuda
01:28:11       data ready: 2250 rows, 249 combos, 9 scenarios
01:28:29       loso_ext fold 1_Baseline (dT=0.00): PI-HGAT combined R2=-8.5087 (6s)
01:28:49       loso_ext fold 5 (dT=4.47): PI-HGAT combined R2=-0.9298 (7s)
01:28:49 [S3] loso_ext done (2 folds x 4 models x 3 eval sets)
01:28:49 [S3] STEP3 DONE
01:29:24 [S3] START study=loso_ext smoke=False device=cuda
01:29:25       data ready: 2250 rows, 249 combos, 9 scenarios
01:32:09       loso_ext fold 1_Baseline (dT=0.00): PI-HGAT combined R2=0.1932 (154s)
01:35:44       loso_ext fold 2 (dT=1.88): PI-HGAT combined R2=0.9735 (201s)
01:42:46       loso_ext fold 3 (dT=2.67): PI-HGAT combined R2=0.9791 (402s)
01:51:42       loso_ext fold 4 (dT=2.18): PI-HGAT combined R2=0.9792 (521s)
01:58:56       loso_ext fold 5 (dT=4.47): PI-HGAT combined R2=0.8808 (409s)
02:02:34       loso_ext fold 6 (dT=1.27): PI-HGAT combined R2=0.9664 (201s)
02:07:23       loso_ext fold 7 (dT=1.88): PI-HGAT combined R2=0.9756 (271s)
02:15:43       loso_ext fold 8 (dT=1.61): PI-HGAT combined R2=0.9792 (485s)
02:24:44       loso_ext fold 9 (dT=3.14): PI-HGAT combined R2=0.9786 (516s)
02:24:44 [S3] loso_ext done (9 folds x 4 models x 3 eval sets)
02:24:44 [S3] STEP3 DONE
03:39:13 [S3] START study=ablation smoke=True device=cuda
03:39:14       data ready: 2250 rows, 249 combos, 9 scenarios
03:39:22       ablation mono_off seed 0: R2=-1.6200 R2_extra(S4)=-4.3692 viol(U/COP/dT)=0.62/0.38/0.00
03:39:31       ablation mono_on seed 0: R2=-1.6609 R2_extra(S4)=-4.4509 viol(U/COP/dT)=0.62/0.38/0.00
03:39:31 [S3] ablation done (mono on/off x 3 seeds)
03:39:31 [S3] STEP3 DONE
03:39:50 [S3] START study=ablation smoke=False device=cuda
03:39:50       data ready: 2250 rows, 249 combos, 9 scenarios
03:42:58       ablation mono_off seed 0: R2=0.9761 R2_extra(S4)=0.9070 viol(U/COP/dT)=0.00/0.00/0.00
03:47:33       ablation mono_off seed 1: R2=0.9730 R2_extra(S4)=0.8936 viol(U/COP/dT)=0.00/0.00/0.00
03:54:06       ablation mono_off seed 2: R2=0.9711 R2_extra(S4)=0.8850 viol(U/COP/dT)=0.00/0.00/0.00
03:57:31       ablation mono_on seed 0: R2=0.9455 R2_extra(S4)=0.8138 viol(U/COP/dT)=0.00/0.00/0.00
04:04:31       ablation mono_on seed 1: R2=0.9783 R2_extra(S4)=0.9104 viol(U/COP/dT)=0.00/0.00/0.00
04:11:23       ablation mono_on seed 2: R2=0.9710 R2_extra(S4)=0.8843 viol(U/COP/dT)=0.00/0.00/0.00
04:11:23 [S3] ablation done (mono on/off x 3 seeds)
04:11:23 [S3] STEP3 DONE
19:48:40 [S3] START study=all smoke=False device=cuda
19:48:41       data ready: 2250 rows, 249 combos, 9 scenarios
19:50:53       multiseed seed 0: PI-HGAT R2=0.9744 (127s)
19:58:01       multiseed seed 1: PI-HGAT R2=0.9781 (417s)
20:01:56       multiseed seed 2: PI-HGAT R2=0.9490 (221s)
20:09:28       multiseed seed 3: PI-HGAT R2=0.9778 (436s)
20:13:09       multiseed seed 4: PI-HGAT R2=0.9670 (206s)
20:20:38       multiseed seed 5: PI-HGAT R2=0.9727 (434s)
20:27:17       multiseed seed 6: PI-HGAT R2=0.9697 (390s)
20:30:43       multiseed seed 7: PI-HGAT R2=0.9589 (193s)
20:34:52       multiseed seed 8: PI-HGAT R2=0.9696 (236s)
20:41:34       multiseed seed 9: PI-HGAT R2=0.9756 (388s)
20:41:34 [S3] multiseed done (10 seeds x 4 models)
20:45:51 [S3] combosplit done: PI-HGAT R2=0.9842 on unseen combos
20:51:53       LOSO fold Baseline (dT=0.00): PI-HGAT MAE=3.69
20:56:41       LOSO fold S1 (dT=1.88): PI-HGAT MAE=1.02
21:05:56       LOSO fold S2 (dT=2.67): PI-HGAT MAE=0.69
21:09:56       LOSO fold S3 (dT=2.18): PI-HGAT MAE=0.80
21:17:31       LOSO fold S4 (dT=4.47): PI-HGAT MAE=1.92
21:24:23       LOSO fold S5 (dT=1.27): PI-HGAT MAE=0.64
21:31:38       LOSO fold S6 (dT=1.88): PI-HGAT MAE=0.66
21:40:13       LOSO fold S7 (dT=1.61): PI-HGAT MAE=0.67
21:49:15       LOSO fold S8 (dT=3.14): PI-HGAT MAE=0.76
21:49:15 [S3] loso done (9 folds x 4 models)
21:58:20       loso_ext fold Baseline (dT=0.00): PI-HGAT combined R2=0.2455 (521s)
22:04:34       loso_ext fold S1 (dT=1.88): PI-HGAT combined R2=0.9707 (348s)
22:13:32       loso_ext fold S2 (dT=2.67): PI-HGAT combined R2=0.9793 (520s)
22:18:09       loso_ext fold S3 (dT=2.18): PI-HGAT combined R2=0.9694 (261s)
22:27:12       loso_ext fold S4 (dT=4.47): PI-HGAT combined R2=0.9028 (520s)
22:35:37       loso_ext fold S5 (dT=1.27): PI-HGAT combined R2=0.9789 (489s)
22:41:35       loso_ext fold S6 (dT=1.88): PI-HGAT combined R2=0.9766 (341s)
22:49:43       loso_ext fold S7 (dT=1.61): PI-HGAT combined R2=0.9775 (473s)
22:58:17       loso_ext fold S8 (dT=3.14): PI-HGAT combined R2=0.9793 (491s)
22:58:17 [S3] loso_ext done (9 folds x 4 models x 3 eval sets)
23:00:17       learncurve n=25/scenario seed 42: PI-HGAT R2=0.2358
23:02:14       learncurve n=25/scenario seed 43: PI-HGAT R2=0.3891
23:02:46       learncurve n=25/scenario seed 44: PI-HGAT R2=-0.8744
23:05:00       learncurve n=50/scenario seed 42: PI-HGAT R2=0.7253
23:06:54       learncurve n=50/scenario seed 43: PI-HGAT R2=0.7025
23:09:18       learncurve n=50/scenario seed 44: PI-HGAT R2=0.7879
23:12:51       learncurve n=100/scenario seed 42: PI-HGAT R2=0.9404
23:16:37       learncurve n=100/scenario seed 43: PI-HGAT R2=0.9282
23:20:24       learncurve n=100/scenario seed 44: PI-HGAT R2=0.9365
23:24:42       learncurve n=150/scenario seed 42: PI-HGAT R2=0.9564
23:26:59       learncurve n=150/scenario seed 43: PI-HGAT R2=0.9552
23:31:20       learncurve n=150/scenario seed 44: PI-HGAT R2=0.9697
23:36:44       learncurve n=200/scenario seed 42: PI-HGAT R2=0.9730
23:42:19       learncurve n=200/scenario seed 43: PI-HGAT R2=0.9595
23:46:18       learncurve n=200/scenario seed 44: PI-HGAT R2=0.9694
23:52:51       learncurve n=249/scenario seed 42: PI-HGAT R2=0.9727
23:59:26       learncurve n=249/scenario seed 43: PI-HGAT R2=0.9707
00:01:54       learncurve n=249/scenario seed 44: PI-HGAT R2=0.9560
00:01:54 [S3] learncurve done
00:04:46       ablation mono_off seed 0: R2=0.9622 R2_extra(S4)=0.8709 viol(U/COP/dT)=0.00/0.00/0.00
00:09:05       ablation mono_off seed 1: R2=0.9738 R2_extra(S4)=0.9005 viol(U/COP/dT)=0.00/0.00/0.00
00:15:13       ablation mono_off seed 2: R2=0.9711 R2_extra(S4)=0.8852 viol(U/COP/dT)=0.00/0.00/0.00
00:18:52       ablation mono_on seed 0: R2=0.9595 R2_extra(S4)=0.8461 viol(U/COP/dT)=0.00/0.00/0.00
00:26:16       ablation mono_on seed 1: R2=0.9781 R2_extra(S4)=0.9079 viol(U/COP/dT)=0.00/0.00/0.00
00:30:41       ablation mono_on seed 2: R2=0.9523 R2_extra(S4)=0.8215 viol(U/COP/dT)=0.00/0.00/0.00
00:30:41 [S3] ablation done (mono on/off x 3 seeds)
00:30:41 [S3] STEP3 DONE
